Release 14.7 Map P.20131013 (nt64)
Xilinx Mapping Report File for Design 'NPC'

Design Information
------------------
Command Line   : map -intstyle ise -p xa3s100e-vqg100-4 -cm area -ir off -pr off
-c 100 -o NPC_map.ncd NPC.ngd NPC.pcf 
Target Device  : xa3s100e
Target Package : vqg100
Target Speed   : -4
Mapper Version : aspartan3e -- $Revision: 1.55 $
Mapped Date    : Mon Apr 25 18:22:42 2016

Design Summary
--------------
Number of errors:      0
Number of warnings:    0
Logic Utilization:
Logic Distribution:
    Number of Slices containing only related logic:       0 out of       0   0%
    Number of Slices containing unrelated logic:          0 out of       0   0%
      *See NOTES below for an explanation of the effects of unrelated logic.
  Number of bonded IOBs:                 66 out of      66  100%
    IOB Flip Flops:                      32
  Number of BUFGMUXs:                     1 out of      24    4%

Average Fanout of Non-Clock Nets:                0.97

Peak Memory Usage:  294 MB
Total REAL time to MAP completion:  9 secs 
Total CPU time to MAP completion:   2 secs 

NOTES:

   Related logic is defined as being logic that shares connectivity - e.g. two
   LUTs are "related" if they share common inputs.  When assembling slices,
   Map gives priority to combine logic that is related.  Doing so results in
   the best timing performance.

   Unrelated logic shares no connectivity.  Map will only begin packing
   unrelated logic into a slice once 99% of the slices are occupied through
   related logic packing.

   Note that once logic distribution reaches the 99% level through related
   logic packing, this does not mean the device is completely utilized.
   Unrelated logic packing will then begin, continuing until all usable LUTs
   and FFs are occupied.  Depending on your timing budget, increased levels of
   unrelated logic packing may adversely affect the overall timing performance
   of your design.

Table of Contents
-----------------
Section 1 - Errors
Section 2 - Warnings
Section 3 - Informational
Section 4 - Removed Logic Summary
Section 5 - Removed Logic
Section 6 - IOB Properties
Section 7 - RPMs
Section 8 - Guide Report
Section 9 - Area Group and Partition Summary
Section 10 - Timing Report
Section 11 - Configuration String Information
Section 12 - Control Set Information
Section 13 - Utilization by Hierarchy

Section 1 - Errors
------------------

Section 2 - Warnings
--------------------

Section 3 - Informational
-------------------------
INFO:LIT:244 - All of the single ended outputs in this design are using slew
   rate limited output drivers. The delay on speed critical single ended outputs
   can be dramatically reduced by designating them as fast outputs.

Section 4 - Removed Logic Summary
---------------------------------

Section 5 - Removed Logic
-------------------------

Section 6 - IOB Properties
--------------------------

+---------------------------------------------------------------------------------------------------------------------------------------------------------+
| IOB Name                           | Type             | Direction | IO Standard          | Diff  | Drive    | Slew | Reg (s)      | Resistor | IOB      |
|                                    |                  |           |                      | Term  | Strength | Rate |              |          | Delay    |
+---------------------------------------------------------------------------------------------------------------------------------------------------------+
| Clock                              | IBUF             | INPUT     | LVCMOS25             |       |          |      |              |          | 0 / 0    |
| Direccion<0>                       | IBUF             | INPUT     | LVCMOS25             |       |          |      | IFF1         |          | 0 / 2    |
| Direccion<1>                       | IBUF             | INPUT     | LVCMOS25             |       |          |      | IFF1         |          | 0 / 2    |
| Direccion<2>                       | IBUF             | INPUT     | LVCMOS25             |       |          |      | IFF1         |          | 0 / 2    |
| Direccion<3>                       | IBUF             | INPUT     | LVCMOS25             |       |          |      | IFF1         |          | 0 / 2    |
| Direccion<4>                       | IBUF             | INPUT     | LVCMOS25             |       |          |      | IFF1         |          | 0 / 2    |
| Direccion<5>                       | IBUF             | INPUT     | LVCMOS25             |       |          |      | IFF1         |          | 0 / 2    |
| Direccion<6>                       | IBUF             | INPUT     | LVCMOS25             |       |          |      | IFF1         |          | 0 / 2    |
| Direccion<7>                       | IBUF             | INPUT     | LVCMOS25             |       |          |      | IFF1         |          | 0 / 2    |
| Direccion<8>                       | IBUF             | INPUT     | LVCMOS25             |       |          |      | IFF1         |          | 0 / 2    |
| Direccion<9>                       | IBUF             | INPUT     | LVCMOS25             |       |          |      | IFF1         |          | 0 / 2    |
| Direccion<10>                      | IBUF             | INPUT     | LVCMOS25             |       |          |      | IFF1         |          | 0 / 2    |
| Direccion<11>                      | IBUF             | INPUT     | LVCMOS25             |       |          |      | IFF1         |          | 0 / 2    |
| Direccion<12>                      | IBUF             | INPUT     | LVCMOS25             |       |          |      | IFF1         |          | 0 / 2    |
| Direccion<13>                      | IBUF             | INPUT     | LVCMOS25             |       |          |      | IFF1         |          | 0 / 2    |
| Direccion<14>                      | IBUF             | INPUT     | LVCMOS25             |       |          |      | IFF1         |          | 0 / 2    |
| Direccion<15>                      | IBUF             | INPUT     | LVCMOS25             |       |          |      | IFF1         |          | 0 / 2    |
| Direccion<16>                      | IBUF             | INPUT     | LVCMOS25             |       |          |      | IFF1         |          | 0 / 2    |
| Direccion<17>                      | IBUF             | INPUT     | LVCMOS25             |       |          |      | IFF1         |          | 0 / 2    |
| Direccion<18>                      | IBUF             | INPUT     | LVCMOS25             |       |          |      | IFF1         |          | 0 / 2    |
| Direccion<19>                      | IBUF             | INPUT     | LVCMOS25             |       |          |      | IFF1         |          | 0 / 2    |
| Direccion<20>                      | IBUF             | INPUT     | LVCMOS25             |       |          |      | IFF1         |          | 0 / 2    |
| Direccion<21>                      | IBUF             | INPUT     | LVCMOS25             |       |          |      | IFF1         |          | 0 / 2    |
| Direccion<22>                      | IBUF             | INPUT     | LVCMOS25             |       |          |      | IFF1         |          | 0 / 2    |
| Direccion<23>                      | IBUF             | INPUT     | LVCMOS25             |       |          |      | IFF1         |          | 0 / 2    |
| Direccion<24>                      | IBUF             | INPUT     | LVCMOS25             |       |          |      | IFF1         |          | 0 / 2    |
| Direccion<25>                      | IBUF             | INPUT     | LVCMOS25             |       |          |      | IFF1         |          | 0 / 2    |
| Direccion<26>                      | IBUF             | INPUT     | LVCMOS25             |       |          |      | IFF1         |          | 0 / 2    |
| Direccion<27>                      | IBUF             | INPUT     | LVCMOS25             |       |          |      | IFF1         |          | 0 / 2    |
| Direccion<28>                      | IBUF             | INPUT     | LVCMOS25             |       |          |      | IFF1         |          | 0 / 2    |
| Direccion<29>                      | IBUF             | INPUT     | LVCMOS25             |       |          |      | IFF1         |          | 0 / 2    |
| Direccion<30>                      | IBUF             | INPUT     | LVCMOS25             |       |          |      | IFF1         |          | 0 / 2    |
| Direccion<31>                      | IBUF             | INPUT     | LVCMOS25             |       |          |      | IFF1         |          | 0 / 2    |
| NuevaDireccion<0>                  | IOB              | OUTPUT    | LVCMOS25             |       | 12       | SLOW |              |          | 0 / 0    |
| NuevaDireccion<1>                  | IOB              | OUTPUT    | LVCMOS25             |       | 12       | SLOW |              |          | 0 / 0    |
| NuevaDireccion<2>                  | IOB              | OUTPUT    | LVCMOS25             |       | 12       | SLOW |              |          | 0 / 0    |
| NuevaDireccion<3>                  | IOB              | OUTPUT    | LVCMOS25             |       | 12       | SLOW |              |          | 0 / 0    |
| NuevaDireccion<4>                  | IOB              | OUTPUT    | LVCMOS25             |       | 12       | SLOW |              |          | 0 / 0    |
| NuevaDireccion<5>                  | IOB              | OUTPUT    | LVCMOS25             |       | 12       | SLOW |              |          | 0 / 0    |
| NuevaDireccion<6>                  | IOB              | OUTPUT    | LVCMOS25             |       | 12       | SLOW |              |          | 0 / 0    |
| NuevaDireccion<7>                  | IOB              | OUTPUT    | LVCMOS25             |       | 12       | SLOW |              |          | 0 / 0    |
| NuevaDireccion<8>                  | IOB              | OUTPUT    | LVCMOS25             |       | 12       | SLOW |              |          | 0 / 0    |
| NuevaDireccion<9>                  | IOB              | OUTPUT    | LVCMOS25             |       | 12       | SLOW |              |          | 0 / 0    |
| NuevaDireccion<10>                 | IOB              | OUTPUT    | LVCMOS25             |       | 12       | SLOW |              |          | 0 / 0    |
| NuevaDireccion<11>                 | IOB              | OUTPUT    | LVCMOS25             |       | 12       | SLOW |              |          | 0 / 0    |
| NuevaDireccion<12>                 | IOB              | OUTPUT    | LVCMOS25             |       | 12       | SLOW |              |          | 0 / 0    |
| NuevaDireccion<13>                 | IOB              | OUTPUT    | LVCMOS25             |       | 12       | SLOW |              |          | 0 / 0    |
| NuevaDireccion<14>                 | IOB              | OUTPUT    | LVCMOS25             |       | 12       | SLOW |              |          | 0 / 0    |
| NuevaDireccion<15>                 | IOB              | OUTPUT    | LVCMOS25             |       | 12       | SLOW |              |          | 0 / 0    |
| NuevaDireccion<16>                 | IOB              | OUTPUT    | LVCMOS25             |       | 12       | SLOW |              |          | 0 / 0    |
| NuevaDireccion<17>                 | IOB              | OUTPUT    | LVCMOS25             |       | 12       | SLOW |              |          | 0 / 0    |
| NuevaDireccion<18>                 | IOB              | OUTPUT    | LVCMOS25             |       | 12       | SLOW |              |          | 0 / 0    |
| NuevaDireccion<19>                 | IOB              | OUTPUT    | LVCMOS25             |       | 12       | SLOW |              |          | 0 / 0    |
| NuevaDireccion<20>                 | IOB              | OUTPUT    | LVCMOS25             |       | 12       | SLOW |              |          | 0 / 0    |
| NuevaDireccion<21>                 | IOB              | OUTPUT    | LVCMOS25             |       | 12       | SLOW |              |          | 0 / 0    |
| NuevaDireccion<22>                 | IOB              | OUTPUT    | LVCMOS25             |       | 12       | SLOW |              |          | 0 / 0    |
| NuevaDireccion<23>                 | IOB              | OUTPUT    | LVCMOS25             |       | 12       | SLOW |              |          | 0 / 0    |
| NuevaDireccion<24>                 | IOB              | OUTPUT    | LVCMOS25             |       | 12       | SLOW |              |          | 0 / 0    |
| NuevaDireccion<25>                 | IOB              | OUTPUT    | LVCMOS25             |       | 12       | SLOW |              |          | 0 / 0    |
| NuevaDireccion<26>                 | IOB              | OUTPUT    | LVCMOS25             |       | 12       | SLOW |              |          | 0 / 0    |
| NuevaDireccion<27>                 | IOB              | OUTPUT    | LVCMOS25             |       | 12       | SLOW |              |          | 0 / 0    |
| NuevaDireccion<28>                 | IOB              | OUTPUT    | LVCMOS25             |       | 12       | SLOW |              |          | 0 / 0    |
| NuevaDireccion<29>                 | IOB              | OUTPUT    | LVCMOS25             |       | 12       | SLOW |              |          | 0 / 0    |
| NuevaDireccion<30>                 | IOB              | OUTPUT    | LVCMOS25             |       | 12       | SLOW |              |          | 0 / 0    |
| NuevaDireccion<31>                 | IOB              | OUTPUT    | LVCMOS25             |       | 12       | SLOW |              |          | 0 / 0    |
| Reset                              | IBUF             | INPUT     | LVCMOS25             |       |          |      |              |          | 0 / 0    |
+---------------------------------------------------------------------------------------------------------------------------------------------------------+

Section 7 - RPMs
----------------

Section 8 - Guide Report
------------------------
Guide not run on this design.

Section 9 - Area Group and Partition Summary
--------------------------------------------

Partition Implementation Status
-------------------------------

  No Partitions were found in this design.

-------------------------------

Area Group Information
----------------------

  No area groups were found in this design.

----------------------

Section 10 - Timing Report
--------------------------
This design was not run using timing mode.

Section 11 - Configuration String Details
-----------------------------------------
Use the "-detail" map option to print out Configuration Strings

Section 12 - Control Set Information
------------------------------------
No control set information for this architecture.

Section 13 - Utilization by Hierarchy
-------------------------------------
Use the "-detail" map option to print out the Utilization by Hierarchy section.
